<?xml version="1.0" encoding="UTF-8"?>
<testng-results skipped="0" failed="2" ignored="1" total="4" passed="1">
  <reporter-output>
  </reporter-output>
  <suite name="Default suite" duration-ms="39533" started-at="2019-01-27T21:02:41Z" finished-at="2019-01-27T21:03:21Z">
    <groups>
    </groups>
    <test name="Default test" duration-ms="39533" started-at="2019-01-27T21:02:41Z" finished-at="2019-01-27T21:03:21Z">
      <class name="seleniumProject.Car">
        <test-method status="PASS" signature="setup()[pri:0, instance:seleniumProject.Car@51efea79]" name="setup" is-config="true" duration-ms="12537" started-at="2019-01-27T21:02:41Z" finished-at="2019-01-27T21:02:54Z">
          <reporter-output>
          </reporter-output>
        </test-method> <!-- setup -->
        <test-method status="PASS" signature="verifypageTitle()[pri:1, instance:seleniumProject.Car@51efea79]" name="verifypageTitle" duration-ms="64" started-at="2019-01-27T21:02:54Z" finished-at="2019-01-27T21:02:54Z">
          <reporter-output>
          </reporter-output>
        </test-method> <!-- verifypageTitle -->
        <test-method status="PASS" signature="tearDown()[pri:0, instance:seleniumProject.Car@51efea79]" name="tearDown" is-config="true" duration-ms="836" started-at="2019-01-27T21:02:54Z" finished-at="2019-01-27T21:02:55Z">
          <reporter-output>
          </reporter-output>
        </test-method> <!-- tearDown -->
        <test-method status="PASS" signature="setup()[pri:0, instance:seleniumProject.Car@51efea79]" name="setup" is-config="true" duration-ms="13162" started-at="2019-01-27T21:02:55Z" finished-at="2019-01-27T21:03:08Z">
          <reporter-output>
          </reporter-output>
        </test-method> <!-- setup -->
        <test-method status="FAIL" signature="verifyPageTitleAfterSearchByZipcode1()[pri:2, instance:seleniumProject.Car@51efea79]" name="verifyPageTitleAfterSearchByZipcode1" duration-ms="76" started-at="2019-01-27T21:03:08Z" finished-at="2019-01-27T21:03:08Z">
          <exception class="java.lang.NullPointerException">
            <full-stacktrace>
              <![CDATA[java.lang.NullPointerException
at seleniumProject.BaseTest.navigatetosearchbyZip(BaseTest.java:11)
at seleniumProject.Car.verifyPageTitleAfterSearchByZipcode1(Car.java:46)
at sun.reflect.NativeMethodAccessorImpl.invoke0(Native Method)
at sun.reflect.NativeMethodAccessorImpl.invoke(Unknown Source)
at sun.reflect.DelegatingMethodAccessorImpl.invoke(Unknown Source)
at java.lang.reflect.Method.invoke(Unknown Source)
at org.testng.internal.MethodInvocationHelper.invokeMethod(MethodInvocationHelper.java:124)
at org.testng.internal.Invoker.invokeMethod(Invoker.java:580)
at org.testng.internal.Invoker.invokeTestMethod(Invoker.java:716)
at org.testng.internal.Invoker.invokeTestMethods(Invoker.java:988)
at org.testng.internal.TestMethodWorker.invokeTestMethods(TestMethodWorker.java:125)
at org.testng.internal.TestMethodWorker.run(TestMethodWorker.java:109)
at org.testng.TestRunner.privateRun(TestRunner.java:648)
at org.testng.TestRunner.run(TestRunner.java:505)
at org.testng.SuiteRunner.runTest(SuiteRunner.java:455)
at org.testng.SuiteRunner.runSequentially(SuiteRunner.java:450)
at org.testng.SuiteRunner.privateRun(SuiteRunner.java:415)
at org.testng.SuiteRunner.run(SuiteRunner.java:364)
at org.testng.SuiteRunnerWorker.runSuite(SuiteRunnerWorker.java:52)
at org.testng.SuiteRunnerWorker.run(SuiteRunnerWorker.java:84)
at org.testng.TestNG.runSuitesSequentially(TestNG.java:1208)
at org.testng.TestNG.runSuitesLocally(TestNG.java:1137)
at org.testng.TestNG.runSuites(TestNG.java:1049)
at org.testng.TestNG.run(TestNG.java:1017)
at org.testng.remote.AbstractRemoteTestNG.run(AbstractRemoteTestNG.java:114)
at org.testng.remote.RemoteTestNG.initAndRun(RemoteTestNG.java:251)
at org.testng.remote.RemoteTestNG.main(RemoteTestNG.java:77)
]]>
            </full-stacktrace>
          </exception> <!-- java.lang.NullPointerException -->
          <reporter-output>
          </reporter-output>
        </test-method> <!-- verifyPageTitleAfterSearchByZipcode1 -->
        <test-method status="PASS" signature="tearDown()[pri:0, instance:seleniumProject.Car@51efea79]" name="tearDown" is-config="true" duration-ms="1416" started-at="2019-01-27T21:03:08Z" finished-at="2019-01-27T21:03:10Z">
          <reporter-output>
          </reporter-output>
        </test-method> <!-- tearDown -->
        <test-method status="PASS" signature="setup()[pri:0, instance:seleniumProject.Car@51efea79]" name="setup" is-config="true" duration-ms="10338" started-at="2019-01-27T21:03:10Z" finished-at="2019-01-27T21:03:20Z">
          <reporter-output>
          </reporter-output>
        </test-method> <!-- setup -->
        <test-method status="FAIL" signature="verifyHeading()[pri:3, instance:seleniumProject.Car@51efea79]" name="verifyHeading" duration-ms="12" started-at="2019-01-27T21:03:20Z" finished-at="2019-01-27T21:03:20Z">
          <exception class="java.lang.NullPointerException">
            <full-stacktrace>
              <![CDATA[java.lang.NullPointerException
at seleniumProject.BaseTest.navigatetosearchbyZip(BaseTest.java:11)
at seleniumProject.Car.verifyHeading(Car.java:54)
at sun.reflect.NativeMethodAccessorImpl.invoke0(Native Method)
at sun.reflect.NativeMethodAccessorImpl.invoke(Unknown Source)
at sun.reflect.DelegatingMethodAccessorImpl.invoke(Unknown Source)
at java.lang.reflect.Method.invoke(Unknown Source)
at org.testng.internal.MethodInvocationHelper.invokeMethod(MethodInvocationHelper.java:124)
at org.testng.internal.Invoker.invokeMethod(Invoker.java:580)
at org.testng.internal.Invoker.invokeTestMethod(Invoker.java:716)
at org.testng.internal.Invoker.invokeTestMethods(Invoker.java:988)
at org.testng.internal.TestMethodWorker.invokeTestMethods(TestMethodWorker.java:125)
at org.testng.internal.TestMethodWorker.run(TestMethodWorker.java:109)
at org.testng.TestRunner.privateRun(TestRunner.java:648)
at org.testng.TestRunner.run(TestRunner.java:505)
at org.testng.SuiteRunner.runTest(SuiteRunner.java:455)
at org.testng.SuiteRunner.runSequentially(SuiteRunner.java:450)
at org.testng.SuiteRunner.privateRun(SuiteRunner.java:415)
at org.testng.SuiteRunner.run(SuiteRunner.java:364)
at org.testng.SuiteRunnerWorker.runSuite(SuiteRunnerWorker.java:52)
at org.testng.SuiteRunnerWorker.run(SuiteRunnerWorker.java:84)
at org.testng.TestNG.runSuitesSequentially(TestNG.java:1208)
at org.testng.TestNG.runSuitesLocally(TestNG.java:1137)
at org.testng.TestNG.runSuites(TestNG.java:1049)
at org.testng.TestNG.run(TestNG.java:1017)
at org.testng.remote.AbstractRemoteTestNG.run(AbstractRemoteTestNG.java:114)
at org.testng.remote.RemoteTestNG.initAndRun(RemoteTestNG.java:251)
at org.testng.remote.RemoteTestNG.main(RemoteTestNG.java:77)
]]>
            </full-stacktrace>
          </exception> <!-- java.lang.NullPointerException -->
          <reporter-output>
          </reporter-output>
        </test-method> <!-- verifyHeading -->
        <test-method status="PASS" signature="tearDown()[pri:0, instance:seleniumProject.Car@51efea79]" name="tearDown" is-config="true" duration-ms="968" started-at="2019-01-27T21:03:20Z" finished-at="2019-01-27T21:03:21Z">
          <reporter-output>
          </reporter-output>
        </test-method> <!-- tearDown -->
      </class> <!-- seleniumProject.Car -->
    </test> <!-- Default test -->
  </suite> <!-- Default suite -->
</testng-results>
